0 info it worked if it ends with ok
1 verbose cli [ 'C:\\laragon\\bin\\nodejs\\node.exe',
1 verbose cli   'C:\\laragon\\bin\\nodejs\\node_modules\\npm\\bin\\npm-cli.js',
1 verbose cli   'start' ]
2 info using npm@3.10.10
3 info using node@v6.9.5
4 verbose run-script [ 'prestart', 'start', 'poststart' ]
5 info lifecycle spy_robot@1.0.0~prestart: spy_robot@1.0.0
6 silly lifecycle spy_robot@1.0.0~prestart: no script for prestart, continuing
7 info lifecycle spy_robot@1.0.0~start: spy_robot@1.0.0
8 verbose lifecycle spy_robot@1.0.0~start: unsafe-perm in lifecycle true
9 verbose lifecycle spy_robot@1.0.0~start: PATH: C:\laragon\bin\nodejs\node_modules\npm\bin\node-gyp-bin;C:\Users\EQUIPO\Desktop\Projects\bot\node_modules\.bin;C:\Users\EQUIPO\AppData\Local\Yarn\config\global\node_modules\.bin;C:\Users\EQUIPO\AppData\Roaming\npm;C:\Users\EQUIPO\AppData\Roaming\Composer\vendor\bin;C:\laragon\bin\mysql\mariadb-10.2.3-win32\bin;C:\laragon\bin\php\php-7.1.1-Win32-VC14-x86;C:\laragon\bin\composer;C:\laragon\bin\apache\httpd-2.4.25-win32-VC14\bin;C:\laragon\bin\redis\redis-x64-3.2.100;C:\laragon\bin\memcached\memcached-1.4.5;C:\laragon\bin\nodejs;C:\laragon\bin\yarn\bin;C:\laragon\bin\notepad++;C:\laragon\bin\telnet;C:\laragon\bin\ngrok;C:\laragon\bin\sendmail;C:\laragon\bin\winscp;C:\laragon\bin\git\bin;C:\laragon\bin\git\cmd;C:\laragon\bin\git\usr\bin;C:\laragon\bin\git\mingw32\bin;C:\laragon\bin;C:\laragon\usr\bin;C:\laragon\bin\putty;;C:\laragon\bin\cmder\bin;C:\laragon\bin\cmder\vendor\conemu-maximus5\ConEmu\Scripts;C:\laragon\bin\cmder\vendor\conemu-maximus5;C:\laragon\bin\cmder\vendor\conemu-maximus5\ConEmu;C:\Windows\system32;C:\Windows;C:\Windows\System32\Wbem;C:\Windows\System32\WindowsPowerShell\v1.0\;C:\Program Files\nodejs\;C:\Program Files (x86)\Brackets\command;C:\Users\EQUIPO\AppData\Roaming\npm;C:\laragon\bin\cmder\;
10 verbose lifecycle spy_robot@1.0.0~start: CWD: C:\Users\EQUIPO\Desktop\Projects\bot
11 silly lifecycle spy_robot@1.0.0~start: Args: [ '/d /s /c', 'electron .' ]
12 silly lifecycle spy_robot@1.0.0~start: Returned: code: 1  signal: null
13 info lifecycle spy_robot@1.0.0~start: Failed to exec start script
14 verbose stack Error: spy_robot@1.0.0 start: `electron .`
14 verbose stack Exit status 1
14 verbose stack     at EventEmitter.<anonymous> (C:\laragon\bin\nodejs\node_modules\npm\lib\utils\lifecycle.js:255:16)
14 verbose stack     at emitTwo (events.js:106:13)
14 verbose stack     at EventEmitter.emit (events.js:191:7)
14 verbose stack     at ChildProcess.<anonymous> (C:\laragon\bin\nodejs\node_modules\npm\lib\utils\spawn.js:40:14)
14 verbose stack     at emitTwo (events.js:106:13)
14 verbose stack     at ChildProcess.emit (events.js:191:7)
14 verbose stack     at maybeClose (internal/child_process.js:877:16)
14 verbose stack     at Process.ChildProcess._handle.onexit (internal/child_process.js:226:5)
15 verbose pkgid spy_robot@1.0.0
16 verbose cwd C:\Users\EQUIPO\Desktop\Projects\bot
17 error Windows_NT 6.1.7601
18 error argv "C:\\laragon\\bin\\nodejs\\node.exe" "C:\\laragon\\bin\\nodejs\\node_modules\\npm\\bin\\npm-cli.js" "start"
19 error node v6.9.5
20 error npm  v3.10.10
21 error code ELIFECYCLE
22 error spy_robot@1.0.0 start: `electron .`
22 error Exit status 1
23 error Failed at the spy_robot@1.0.0 start script 'electron .'.
23 error Make sure you have the latest version of node.js and npm installed.
23 error If you do, this is most likely a problem with the spy_robot package,
23 error not with npm itself.
23 error Tell the author that this fails on your system:
23 error     electron .
23 error You can get information on how to open an issue for this project with:
23 error     npm bugs spy_robot
23 error Or if that isn't available, you can get their info via:
23 error     npm owner ls spy_robot
23 error There is likely additional logging output above.
24 verbose exit [ 1, true ]
